CRITICAL - 2020-04-13 06:55:04 --> Call to undefined function App\Controllers\curl_get_contents()
#0 D:\OpenSourceProjects\COVID-19\system\CodeIgniter.php(910): App\Controllers\Home->index()
#1 D:\OpenSourceProjects\COVID-19\system\CodeIgniter.php(398): CodeIgniter\CodeIgniter->runController(Object(App\Controllers\Home))
#2 D:\OpenSourceProjects\COVID-19\system\CodeIgniter.php(306): CodeIgniter\CodeIgniter->handleRequest(NULL, Object(Config\Cache), false)
#3 D:\OpenSourceProjects\COVID-19\public\index.php(45): CodeIgniter\CodeIgniter->run()
#4 {main}
CRITICAL - 2020-04-13 06:57:15 --> Call to undefined function App\Controllers\curl_get_contents()
#0 D:\OpenSourceProjects\COVID-19\system\CodeIgniter.php(910): App\Controllers\Home->index()
#1 D:\OpenSourceProjects\COVID-19\system\CodeIgniter.php(398): CodeIgniter\CodeIgniter->runController(Object(App\Controllers\Home))
#2 D:\OpenSourceProjects\COVID-19\system\CodeIgniter.php(306): CodeIgniter\CodeIgniter->handleRequest(NULL, Object(Config\Cache), false)
#3 D:\OpenSourceProjects\COVID-19\public\index.php(45): CodeIgniter\CodeIgniter->run()
#4 {main}
CRITICAL - 2020-04-13 06:57:17 --> Call to undefined function App\Controllers\curl_get_contents()
#0 D:\OpenSourceProjects\COVID-19\system\CodeIgniter.php(910): App\Controllers\Home->index()
#1 D:\OpenSourceProjects\COVID-19\system\CodeIgniter.php(398): CodeIgniter\CodeIgniter->runController(Object(App\Controllers\Home))
#2 D:\OpenSourceProjects\COVID-19\system\CodeIgniter.php(306): CodeIgniter\CodeIgniter->handleRequest(NULL, Object(Config\Cache), false)
#3 D:\OpenSourceProjects\COVID-19\public\index.php(45): CodeIgniter\CodeIgniter->run()
#4 {main}
CRITICAL - 2020-04-13 07:01:32 --> Use of undefined constant time - assumed 'time' (this will throw an Error in a future version of PHP)
#0 D:\OpenSourceProjects\COVID-19\app\Controllers\Home.php(34): CodeIgniter\Debug\Exceptions->errorHandler(2, 'Use of undefine...', 'D:\\OpenSourcePr...', 34, Array)
#1 D:\OpenSourceProjects\COVID-19\system\CodeIgniter.php(910): App\Controllers\Home->index()
#2 D:\OpenSourceProjects\COVID-19\system\CodeIgniter.php(398): CodeIgniter\CodeIgniter->runController(Object(App\Controllers\Home))
#3 D:\OpenSourceProjects\COVID-19\system\CodeIgniter.php(306): CodeIgniter\CodeIgniter->handleRequest(NULL, Object(Config\Cache), false)
#4 D:\OpenSourceProjects\COVID-19\public\index.php(45): CodeIgniter\CodeIgniter->run()
#5 {main}
CRITICAL - 2020-04-13 07:02:27 --> Use of undefined constant time - assumed 'time' (this will throw an Error in a future version of PHP)
#0 D:\OpenSourceProjects\COVID-19\app\Controllers\Home.php(34): CodeIgniter\Debug\Exceptions->errorHandler(2, 'Use of undefine...', 'D:\\OpenSourcePr...', 34, Array)
#1 D:\OpenSourceProjects\COVID-19\system\CodeIgniter.php(910): App\Controllers\Home->index()
#2 D:\OpenSourceProjects\COVID-19\system\CodeIgniter.php(398): CodeIgniter\CodeIgniter->runController(Object(App\Controllers\Home))
#3 D:\OpenSourceProjects\COVID-19\system\CodeIgniter.php(306): CodeIgniter\CodeIgniter->handleRequest(NULL, Object(Config\Cache), false)
#4 D:\OpenSourceProjects\COVID-19\public\index.php(45): CodeIgniter\CodeIgniter->run()
#5 {main}
CRITICAL - 2020-04-13 07:03:14 --> Use of undefined constant time - assumed 'time' (this will throw an Error in a future version of PHP)
#0 D:\OpenSourceProjects\COVID-19\app\Controllers\Home.php(34): CodeIgniter\Debug\Exceptions->errorHandler(2, 'Use of undefine...', 'D:\\OpenSourcePr...', 34, Array)
#1 D:\OpenSourceProjects\COVID-19\system\CodeIgniter.php(910): App\Controllers\Home->index()
#2 D:\OpenSourceProjects\COVID-19\system\CodeIgniter.php(398): CodeIgniter\CodeIgniter->runController(Object(App\Controllers\Home))
#3 D:\OpenSourceProjects\COVID-19\system\CodeIgniter.php(306): CodeIgniter\CodeIgniter->handleRequest(NULL, Object(Config\Cache), false)
#4 D:\OpenSourceProjects\COVID-19\public\index.php(45): CodeIgniter\CodeIgniter->run()
#5 {main}
CRITICAL - 2020-04-13 07:03:46 --> Use of undefined constant time - assumed 'time' (this will throw an Error in a future version of PHP)
#0 D:\OpenSourceProjects\COVID-19\app\Controllers\Home.php(34): CodeIgniter\Debug\Exceptions->errorHandler(2, 'Use of undefine...', 'D:\\OpenSourcePr...', 34, Array)
#1 D:\OpenSourceProjects\COVID-19\system\CodeIgniter.php(910): App\Controllers\Home->index()
#2 D:\OpenSourceProjects\COVID-19\system\CodeIgniter.php(398): CodeIgniter\CodeIgniter->runController(Object(App\Controllers\Home))
#3 D:\OpenSourceProjects\COVID-19\system\CodeIgniter.php(306): CodeIgniter\CodeIgniter->handleRequest(NULL, Object(Config\Cache), false)
#4 D:\OpenSourceProjects\COVID-19\public\index.php(45): CodeIgniter\CodeIgniter->run()
#5 {main}
CRITICAL - 2020-04-13 07:08:53 --> Use of undefined constant time - assumed 'time' (this will throw an Error in a future version of PHP)
#0 D:\OpenSourceProjects\COVID-19\app\Controllers\Home.php(38): CodeIgniter\Debug\Exceptions->errorHandler(2, 'Use of undefine...', 'D:\\OpenSourcePr...', 38, Array)
#1 D:\OpenSourceProjects\COVID-19\system\CodeIgniter.php(910): App\Controllers\Home->index()
#2 D:\OpenSourceProjects\COVID-19\system\CodeIgniter.php(398): CodeIgniter\CodeIgniter->runController(Object(App\Controllers\Home))
#3 D:\OpenSourceProjects\COVID-19\system\CodeIgniter.php(306): CodeIgniter\CodeIgniter->handleRequest(NULL, Object(Config\Cache), false)
#4 D:\OpenSourceProjects\COVID-19\public\index.php(45): CodeIgniter\CodeIgniter->run()
#5 {main}
CRITICAL - 2020-04-13 07:09:28 --> Use of undefined constant time - assumed 'time' (this will throw an Error in a future version of PHP)
#0 D:\OpenSourceProjects\COVID-19\app\Controllers\Home.php(38): CodeIgniter\Debug\Exceptions->errorHandler(2, 'Use of undefine...', 'D:\\OpenSourcePr...', 38, Array)
#1 D:\OpenSourceProjects\COVID-19\system\CodeIgniter.php(910): App\Controllers\Home->index()
#2 D:\OpenSourceProjects\COVID-19\system\CodeIgniter.php(398): CodeIgniter\CodeIgniter->runController(Object(App\Controllers\Home))
#3 D:\OpenSourceProjects\COVID-19\system\CodeIgniter.php(306): CodeIgniter\CodeIgniter->handleRequest(NULL, Object(Config\Cache), false)
#4 D:\OpenSourceProjects\COVID-19\public\index.php(45): CodeIgniter\CodeIgniter->run()
#5 {main}
CRITICAL - 2020-04-13 07:15:01 --> Use of undefined constant time - assumed 'time' (this will throw an Error in a future version of PHP)
#0 D:\OpenSourceProjects\COVID-19\app\Controllers\Home.php(38): CodeIgniter\Debug\Exceptions->errorHandler(2, 'Use of undefine...', 'D:\\OpenSourcePr...', 38, Array)
#1 D:\OpenSourceProjects\COVID-19\system\CodeIgniter.php(910): App\Controllers\Home->index()
#2 D:\OpenSourceProjects\COVID-19\system\CodeIgniter.php(398): CodeIgniter\CodeIgniter->runController(Object(App\Controllers\Home))
#3 D:\OpenSourceProjects\COVID-19\system\CodeIgniter.php(306): CodeIgniter\CodeIgniter->handleRequest(NULL, Object(Config\Cache), false)
#4 D:\OpenSourceProjects\COVID-19\public\index.php(45): CodeIgniter\CodeIgniter->run()
#5 {main}
